<?xml version="1.0" encoding="UTF-8"?>
<testng-results skipped="0" failed="0" ignored="0" total="1" passed="1">
  <reporter-output>
  </reporter-output>
  <suite name="Default suite" duration-ms="641472" started-at="2020-04-24T17:55:41 IST" finished-at="2020-04-24T18:06:23 IST">
    <groups>
    </groups>
    <test name="Default test" duration-ms="641472" started-at="2020-04-24T17:55:41 IST" finished-at="2020-04-24T18:06:23 IST">
      <class name="com.qa.hs.test.Login">
        <test-method status="PASS" signature="loginTest()[pri:0, instance:com.qa.hs.test.Login@7d0587f1]" name="loginTest" duration-ms="641403" started-at="2020-04-24T17:55:41 IST" finished-at="2020-04-24T18:06:23 IST">
          <reporter-output>
          </reporter-output>
        </test-method> <!-- loginTest -->
      </class> <!-- com.qa.hs.test.Login -->
    </test> <!-- Default test -->
  </suite> <!-- Default suite -->
</testng-results>
