<?xml version="1.0" encoding="UTF-8"?>
<testng-results skipped="0" failed="0" ignored="0" total="1" passed="1">
  <reporter-output>
  </reporter-output>
  <suite name="Default suite" duration-ms="59884" started-at="2020-05-12T13:17:40 IST" finished-at="2020-05-12T13:18:40 IST">
    <groups>
    </groups>
    <test name="Default test" duration-ms="59884" started-at="2020-05-12T13:17:40 IST" finished-at="2020-05-12T13:18:40 IST">
      <class name="com.qa.hs.test.Login">
        <test-method status="PASS" signature="loginTest()[pri:0, instance:com.qa.hs.test.Login@7c29daf3]" name="loginTest" duration-ms="59826" started-at="2020-05-12T13:17:40 IST" finished-at="2020-05-12T13:18:40 IST">
          <reporter-output>
          </reporter-output>
        </test-method> <!-- loginTest -->
      </class> <!-- com.qa.hs.test.Login -->
    </test> <!-- Default test -->
  </suite> <!-- Default suite -->
</testng-results>
